Analysis & Synthesis report for GraphMaze
Sun Mar 26 02:37:25 2023
Quartus Prime Version 20.1.1 Build 720 11/11/2020 SJ Lite Edition


---------------------
; Table of Contents ;
---------------------
  1. Legal Notice
  2. Analysis & Synthesis Summary
  3. Analysis & Synthesis Settings
  4. Parallel Compilation
  5. Analysis & Synthesis Source Files Read
  6. Analysis & Synthesis Resource Usage Summary
  7. Analysis & Synthesis Resource Utilization by Entity
  8. General Register Statistics
  9. Inverted Register Statistics
 10. Multiplexer Restructuring Statistics (Restructuring Performed)
 11. Parameter Settings for User Entity Instance: data_flux:DF|registrador_n:mon_count_reg
 12. Parameter Settings for User Entity Instance: data_flux:DF|registrador_n:mon_reg
 13. Parameter Settings for User Entity Instance: data_flux:DF|registrador_n:jog_reg
 14. Parameter Settings for User Entity Instance: data_flux:DF|registrador_n:map_reg
 15. Parameter Settings for User Entity Instance: data_flux:DF|registrador_n:last_move_reg
 16. Parameter Settings for User Entity Instance: data_flux:DF|registrador_n:lost_reg
 17. Parameter Settings for Inferred Entity Instance: decoder_7seg:DEC_MONSTER|lpm_divide:Div0
 18. Parameter Settings for Inferred Entity Instance: decoder_7seg:DEC_MONSTER|lpm_divide:Mod0
 19. Parameter Settings for Inferred Entity Instance: decoder_7seg:DEC_PLAYER|lpm_divide:Div0
 20. Parameter Settings for Inferred Entity Instance: decoder_7seg:DEC_PLAYER|lpm_divide:Mod0
 21. Port Connectivity Checks: "decoder_7seg:DEC_MONSTER"
 22. Port Connectivity Checks: "data_flux:DF|registrador_n:last_move_reg"
 23. Port Connectivity Checks: "data_flux:DF|registrador_n:mon_count_reg"
 24. Port Connectivity Checks: "data_flux:DF"
 25. Post-Synthesis Netlist Statistics for Top Partition
 26. Elapsed Time Per Partition
 27. Analysis & Synthesis Messages



----------------
; Legal Notice ;
----------------
Copyright (C) 2020  Intel Corporation. All rights reserved.
Your use of Intel Corporation's design tools, logic functions 
and other software and tools, and any partner logic 
functions, and any output files from any of the foregoing 
(including device programming or simulation files), and any 
associated documentation or information are expressly subject 
to the terms and conditions of the Intel Program License 
Subscription Agreement, the Intel Quartus Prime License Agreement,
the Intel FPGA IP License Agreement, or other applicable license
agreement, including, without limitation, that your use is for
the sole purpose of programming logic devices manufactured by
Intel and sold by Intel or its authorized distributors.  Please
refer to the applicable agreement for further details, at
https://fpgasoftware.intel.com/eula.



+-------------------------------------------------------------------------------+
; Analysis & Synthesis Summary                                                  ;
+---------------------------------+---------------------------------------------+
; Analysis & Synthesis Status     ; Successful - Sun Mar 26 02:37:25 2023       ;
; Quartus Prime Version           ; 20.1.1 Build 720 11/11/2020 SJ Lite Edition ;
; Revision Name                   ; GraphMaze                                   ;
; Top-level Entity Name           ; graphmaze                                   ;
; Family                          ; Cyclone V                                   ;
; Logic utilization (in ALMs)     ; N/A                                         ;
; Total registers                 ; 18                                          ;
; Total pins                      ; 51                                          ;
; Total virtual pins              ; 0                                           ;
; Total block memory bits         ; 0                                           ;
; Total DSP Blocks                ; 0                                           ;
; Total HSSI RX PCSs              ; 0                                           ;
; Total HSSI PMA RX Deserializers ; 0                                           ;
; Total HSSI TX PCSs              ; 0                                           ;
; Total HSSI PMA TX Serializers   ; 0                                           ;
; Total PLLs                      ; 0                                           ;
; Total DLLs                      ; 0                                           ;
+---------------------------------+---------------------------------------------+


+---------------------------------------------------------------------------------------------------------------------------+
; Analysis & Synthesis Settings                                                                                             ;
+---------------------------------------------------------------------------------+--------------------+--------------------+
; Option                                                                          ; Setting            ; Default Value      ;
+---------------------------------------------------------------------------------+--------------------+--------------------+
; Device                                                                          ; 5CEBA4F23C7        ;                    ;
; Top-level entity name                                                           ; graphmaze          ; GraphMaze          ;
; Family name                                                                     ; Cyclone V          ; Cyclone V          ;
; Use smart compilation                                                           ; Off                ; Off                ;
; Enable parallel Assembler and Timing Analyzer during compilation                ; On                 ; On                 ;
; Enable compact report table                                                     ; Off                ; Off                ;
; Restructure Multiplexers                                                        ; Auto               ; Auto               ;
; MLAB Add Timing Constraints For Mixed-Port Feed-Through Mode Setting Don't Care ; Off                ; Off                ;
; Create Debugging Nodes for IP Cores                                             ; Off                ; Off                ;
; Preserve fewer node names                                                       ; On                 ; On                 ;
; Intel FPGA IP Evaluation Mode                                                   ; Enable             ; Enable             ;
; Verilog Version                                                                 ; Verilog_2001       ; Verilog_2001       ;
; VHDL Version                                                                    ; VHDL_1993          ; VHDL_1993          ;
; State Machine Processing                                                        ; Auto               ; Auto               ;
; Safe State Machine                                                              ; Off                ; Off                ;
; Extract Verilog State Machines                                                  ; On                 ; On                 ;
; Extract VHDL State Machines                                                     ; On                 ; On                 ;
; Ignore Verilog initial constructs                                               ; Off                ; Off                ;
; Iteration limit for constant Verilog loops                                      ; 5000               ; 5000               ;
; Iteration limit for non-constant Verilog loops                                  ; 250                ; 250                ;
; Add Pass-Through Logic to Inferred RAMs                                         ; On                 ; On                 ;
; Infer RAMs from Raw Logic                                                       ; On                 ; On                 ;
; Parallel Synthesis                                                              ; On                 ; On                 ;
; DSP Block Balancing                                                             ; Auto               ; Auto               ;
; NOT Gate Push-Back                                                              ; On                 ; On                 ;
; Power-Up Don't Care                                                             ; On                 ; On                 ;
; Remove Redundant Logic Cells                                                    ; Off                ; Off                ;
; Remove Duplicate Registers                                                      ; On                 ; On                 ;
; Ignore CARRY Buffers                                                            ; Off                ; Off                ;
; Ignore CASCADE Buffers                                                          ; Off                ; Off                ;
; Ignore GLOBAL Buffers                                                           ; Off                ; Off                ;
; Ignore ROW GLOBAL Buffers                                                       ; Off                ; Off                ;
; Ignore LCELL Buffers                                                            ; Off                ; Off                ;
; Ignore SOFT Buffers                                                             ; On                 ; On                 ;
; Limit AHDL Integers to 32 Bits                                                  ; Off                ; Off                ;
; Optimization Technique                                                          ; Balanced           ; Balanced           ;
; Carry Chain Length                                                              ; 70                 ; 70                 ;
; Auto Carry Chains                                                               ; On                 ; On                 ;
; Auto Open-Drain Pins                                                            ; On                 ; On                 ;
; Perform WYSIWYG Primitive Resynthesis                                           ; Off                ; Off                ;
; Auto ROM Replacement                                                            ; On                 ; On                 ;
; Auto RAM Replacement                                                            ; On                 ; On                 ;
; Auto DSP Block Replacement                                                      ; On                 ; On                 ;
; Auto Shift Register Replacement                                                 ; Auto               ; Auto               ;
; Allow Shift Register Merging across Hierarchies                                 ; Auto               ; Auto               ;
; Auto Clock Enable Replacement                                                   ; On                 ; On                 ;
; Strict RAM Replacement                                                          ; Off                ; Off                ;
; Allow Synchronous Control Signals                                               ; On                 ; On                 ;
; Force Use of Synchronous Clear Signals                                          ; Off                ; Off                ;
; Auto Resource Sharing                                                           ; Off                ; Off                ;
; Allow Any RAM Size For Recognition                                              ; Off                ; Off                ;
; Allow Any ROM Size For Recognition                                              ; Off                ; Off                ;
; Allow Any Shift Register Size For Recognition                                   ; Off                ; Off                ;
; Use LogicLock Constraints during Resource Balancing                             ; On                 ; On                 ;
; Ignore translate_off and synthesis_off directives                               ; Off                ; Off                ;
; Timing-Driven Synthesis                                                         ; On                 ; On                 ;
; Report Parameter Settings                                                       ; On                 ; On                 ;
; Report Source Assignments                                                       ; On                 ; On                 ;
; Report Connectivity Checks                                                      ; On                 ; On                 ;
; Ignore Maximum Fan-Out Assignments                                              ; Off                ; Off                ;
; Synchronization Register Chain Length                                           ; 3                  ; 3                  ;
; Power Optimization During Synthesis                                             ; Normal compilation ; Normal compilation ;
; HDL message level                                                               ; Level2             ; Level2             ;
; Suppress Register Optimization Related Messages                                 ; Off                ; Off                ;
; Number of Removed Registers Reported in Synthesis Report                        ; 5000               ; 5000               ;
; Number of Swept Nodes Reported in Synthesis Report                              ; 5000               ; 5000               ;
; Number of Inverted Registers Reported in Synthesis Report                       ; 100                ; 100                ;
; Clock MUX Protection                                                            ; On                 ; On                 ;
; Auto Gated Clock Conversion                                                     ; Off                ; Off                ;
; Block Design Naming                                                             ; Auto               ; Auto               ;
; SDC constraint protection                                                       ; Off                ; Off                ;
; Synthesis Effort                                                                ; Auto               ; Auto               ;
; Shift Register Replacement - Allow Asynchronous Clear Signal                    ; On                 ; On                 ;
; Pre-Mapping Resynthesis Optimization                                            ; Off                ; Off                ;
; Analysis & Synthesis Message Level                                              ; Medium             ; Medium             ;
; Disable Register Merging Across Hierarchies                                     ; Auto               ; Auto               ;
; Resource Aware Inference For Block RAM                                          ; On                 ; On                 ;
; Automatic Parallel Synthesis                                                    ; On                 ; On                 ;
; Partial Reconfiguration Bitstream ID                                            ; Off                ; Off                ;
+---------------------------------------------------------------------------------+--------------------+--------------------+


+------------------------------------------+
; Parallel Compilation                     ;
+----------------------------+-------------+
; Processors                 ; Number      ;
+----------------------------+-------------+
; Number detected on machine ; 12          ;
; Maximum allowed            ; 6           ;
;                            ;             ;
; Average used               ; 1.00        ;
; Maximum used               ; 6           ;
;                            ;             ;
; Usage by Processor         ; % Time Used ;
;     Processor 1            ; 100.0%      ;
;     Processor 2            ;   0.0%      ;
;     Processor 3            ;   0.0%      ;
;     Processor 4            ;   0.0%      ;
;     Processor 5            ;   0.0%      ;
;     Processor 6            ;   0.0%      ;
+----------------------------+-------------+


+--------------------------------------------------------------------------------------------------------------------------------------------------------------------------+
; Analysis & Synthesis Source Files Read                                                                                                                                   ;
+----------------------------------+-----------------+------------------------------+----------------------------------------------------------------------------+---------+
; File Name with User-Entered Path ; Used in Netlist ; File Type                    ; File Name with Absolute Path                                               ; Library ;
+----------------------------------+-----------------+------------------------------+----------------------------------------------------------------------------+---------+
; decoder_7seg.vhd                 ; yes             ; User VHDL File               ; D:/USP/5_periodo/Labdig/Projeto/graphmaze/decoder_7seg.vhd                 ;         ;
; data_flux.vhd                    ; yes             ; User VHDL File               ; D:/USP/5_periodo/Labdig/Projeto/graphmaze/data_flux.vhd                    ;         ;
; rom_128x20.vhd                   ; yes             ; User VHDL File               ; D:/USP/5_periodo/Labdig/Projeto/graphmaze/rom_128x20.vhd                   ;         ;
; edge_detector.vhd                ; yes             ; User VHDL File               ; D:/USP/5_periodo/Labdig/Projeto/graphmaze/edge_detector.vhd                ;         ;
; graphmaze.vhd                    ; yes             ; User VHDL File               ; D:/USP/5_periodo/Labdig/Projeto/graphmaze/graphmaze.vhd                    ;         ;
; registrador_n.vhd                ; yes             ; User VHDL File               ; D:/USP/5_periodo/Labdig/Projeto/graphmaze/registrador_n.vhd                ;         ;
; lpm_divide.tdf                   ; yes             ; Megafunction                 ; c:/intelfpga_lite/20.1/quartus/libraries/megafunctions/lpm_divide.tdf      ;         ;
; abs_divider.inc                  ; yes             ; Megafunction                 ; c:/intelfpga_lite/20.1/quartus/libraries/megafunctions/abs_divider.inc     ;         ;
; sign_div_unsign.inc              ; yes             ; Megafunction                 ; c:/intelfpga_lite/20.1/quartus/libraries/megafunctions/sign_div_unsign.inc ;         ;
; aglobal201.inc                   ; yes             ; Megafunction                 ; c:/intelfpga_lite/20.1/quartus/libraries/megafunctions/aglobal201.inc      ;         ;
; db/lpm_divide_bpo.tdf            ; yes             ; Auto-Generated Megafunction  ; D:/USP/5_periodo/Labdig/Projeto/graphmaze/db/lpm_divide_bpo.tdf            ;         ;
; db/abs_divider_kbg.tdf           ; yes             ; Auto-Generated Megafunction  ; D:/USP/5_periodo/Labdig/Projeto/graphmaze/db/abs_divider_kbg.tdf           ;         ;
; db/alt_u_div_ove.tdf             ; yes             ; Auto-Generated Megafunction  ; D:/USP/5_periodo/Labdig/Projeto/graphmaze/db/alt_u_div_ove.tdf             ;         ;
; db/lpm_abs_kn9.tdf               ; yes             ; Auto-Generated Megafunction  ; D:/USP/5_periodo/Labdig/Projeto/graphmaze/db/lpm_abs_kn9.tdf               ;         ;
; db/lpm_abs_4p9.tdf               ; yes             ; Auto-Generated Megafunction  ; D:/USP/5_periodo/Labdig/Projeto/graphmaze/db/lpm_abs_4p9.tdf               ;         ;
; db/lpm_divide_uio.tdf            ; yes             ; Auto-Generated Megafunction  ; D:/USP/5_periodo/Labdig/Projeto/graphmaze/db/lpm_divide_uio.tdf            ;         ;
; db/abs_divider_4dg.tdf           ; yes             ; Auto-Generated Megafunction  ; D:/USP/5_periodo/Labdig/Projeto/graphmaze/db/abs_divider_4dg.tdf           ;         ;
; db/alt_u_div_o2f.tdf             ; yes             ; Auto-Generated Megafunction  ; D:/USP/5_periodo/Labdig/Projeto/graphmaze/db/alt_u_div_o2f.tdf             ;         ;
+----------------------------------+-----------------+------------------------------+----------------------------------------------------------------------------+---------+


+----------------------------------------------------------------------------------------------------------------------------------------------------------------------------+
; Analysis & Synthesis Resource Usage Summary                                                                                                                                ;
+---------------------------------------------+------------------------------------------------------------------------------------------------------------------------------+
; Resource                                    ; Usage                                                                                                                        ;
+---------------------------------------------+------------------------------------------------------------------------------------------------------------------------------+
; Estimate of Logic utilization (ALMs needed) ; 819                                                                                                                          ;
;                                             ;                                                                                                                              ;
; Combinational ALUT usage for logic          ; 1533                                                                                                                         ;
;     -- 7 input functions                    ; 0                                                                                                                            ;
;     -- 6 input functions                    ; 103                                                                                                                          ;
;     -- 5 input functions                    ; 62                                                                                                                           ;
;     -- 4 input functions                    ; 346                                                                                                                          ;
;     -- <=3 input functions                  ; 1022                                                                                                                         ;
;                                             ;                                                                                                                              ;
; Dedicated logic registers                   ; 18                                                                                                                           ;
;                                             ;                                                                                                                              ;
; I/O pins                                    ; 51                                                                                                                           ;
;                                             ;                                                                                                                              ;
; Total DSP Blocks                            ; 0                                                                                                                            ;
;                                             ;                                                                                                                              ;
; Maximum fan-out node                        ; decoder_7seg:DEC_MONSTER|lpm_divide:Mod0|lpm_divide_uio:auto_generated|abs_divider_4dg:divider|alt_u_div_o2f:divider|op_23~1 ;
; Maximum fan-out                             ; 85                                                                                                                           ;
; Total fan-out                               ; 4953                                                                                                                         ;
; Average fan-out                             ; 3.00                                                                                                                         ;
+---------------------------------------------+------------------------------------------------------------------------------------------------------------------------------+


+-----------------------------------------------------------------------------------------------------------------------------------------------------------------------------------------------------------------------------------------------------------------------------------------------------------------------+
; Analysis & Synthesis Resource Utilization by Entity                                                                                                                                                                                                                                                                   ;
+------------------------------------------+---------------------+---------------------------+-------------------+------------+------+--------------+----------------------------------------------------------------------------------------------------------------------------------+-----------------+--------------+
; Compilation Hierarchy Node               ; Combinational ALUTs ; Dedicated Logic Registers ; Block Memory Bits ; DSP Blocks ; Pins ; Virtual Pins ; Full Hierarchy Name                                                                                                              ; Entity Name     ; Library Name ;
+------------------------------------------+---------------------+---------------------------+-------------------+------------+------+--------------+----------------------------------------------------------------------------------------------------------------------------------+-----------------+--------------+
; |graphmaze                               ; 1533 (2)            ; 18 (1)                    ; 0                 ; 0          ; 51   ; 0            ; |graphmaze                                                                                                                       ; graphmaze       ; work         ;
;    |data_flux:DF|                        ; 73 (50)             ; 17 (0)                    ; 0                 ; 0          ; 0    ; 0            ; |graphmaze|data_flux:DF                                                                                                          ; data_flux       ; work         ;
;       |edge_detector:mov_dect|           ; 0 (0)               ; 2 (2)                     ; 0                 ; 0          ; 0    ; 0            ; |graphmaze|data_flux:DF|edge_detector:mov_dect                                                                                   ; edge_detector   ; work         ;
;       |registrador_n:jog_reg|            ; 6 (6)               ; 5 (5)                     ; 0                 ; 0          ; 0    ; 0            ; |graphmaze|data_flux:DF|registrador_n:jog_reg                                                                                    ; registrador_n   ; work         ;
;       |registrador_n:lost_reg|           ; 7 (7)               ; 1 (1)                     ; 0                 ; 0          ; 0    ; 0            ; |graphmaze|data_flux:DF|registrador_n:lost_reg                                                                                   ; registrador_n   ; work         ;
;       |registrador_n:map_reg|            ; 2 (2)               ; 2 (2)                     ; 0                 ; 0          ; 0    ; 0            ; |graphmaze|data_flux:DF|registrador_n:map_reg                                                                                    ; registrador_n   ; work         ;
;       |registrador_n:mon_count_reg|      ; 2 (2)               ; 2 (2)                     ; 0                 ; 0          ; 0    ; 0            ; |graphmaze|data_flux:DF|registrador_n:mon_count_reg                                                                              ; registrador_n   ; work         ;
;       |registrador_n:mon_reg|            ; 5 (5)               ; 5 (5)                     ; 0                 ; 0          ; 0    ; 0            ; |graphmaze|data_flux:DF|registrador_n:mon_reg                                                                                    ; registrador_n   ; work         ;
;       |rom_128x20:map_mem|               ; 1 (1)               ; 0 (0)                     ; 0                 ; 0          ; 0    ; 0            ; |graphmaze|data_flux:DF|rom_128x20:map_mem                                                                                       ; rom_128x20      ; work         ;
;    |decoder_7seg:DEC_MONSTER|            ; 727 (73)            ; 0 (0)                     ; 0                 ; 0          ; 0    ; 0            ; |graphmaze|decoder_7seg:DEC_MONSTER                                                                                              ; decoder_7seg    ; work         ;
;       |lpm_divide:Div0|                  ; 486 (0)             ; 0 (0)                     ; 0                 ; 0          ; 0    ; 0            ; |graphmaze|decoder_7seg:DEC_MONSTER|lpm_divide:Div0                                                                              ; lpm_divide      ; work         ;
;          |lpm_divide_bpo:auto_generated| ; 486 (0)             ; 0 (0)                     ; 0                 ; 0          ; 0    ; 0            ; |graphmaze|decoder_7seg:DEC_MONSTER|lpm_divide:Div0|lpm_divide_bpo:auto_generated                                                ; lpm_divide_bpo  ; work         ;
;             |abs_divider_kbg:divider|    ; 486 (35)            ; 0 (0)                     ; 0                 ; 0          ; 0    ; 0            ; |graphmaze|decoder_7seg:DEC_MONSTER|lpm_divide:Div0|lpm_divide_bpo:auto_generated|abs_divider_kbg:divider                        ; abs_divider_kbg ; work         ;
;                |alt_u_div_ove:divider|   ; 419 (419)           ; 0 (0)                     ; 0                 ; 0          ; 0    ; 0            ; |graphmaze|decoder_7seg:DEC_MONSTER|lpm_divide:Div0|lpm_divide_bpo:auto_generated|abs_divider_kbg:divider|alt_u_div_ove:divider  ; alt_u_div_ove   ; work         ;
;                |lpm_abs_4p9:my_abs_num|  ; 32 (32)             ; 0 (0)                     ; 0                 ; 0          ; 0    ; 0            ; |graphmaze|decoder_7seg:DEC_MONSTER|lpm_divide:Div0|lpm_divide_bpo:auto_generated|abs_divider_kbg:divider|lpm_abs_4p9:my_abs_num ; lpm_abs_4p9     ; work         ;
;       |lpm_divide:Mod0|                  ; 168 (0)             ; 0 (0)                     ; 0                 ; 0          ; 0    ; 0            ; |graphmaze|decoder_7seg:DEC_MONSTER|lpm_divide:Mod0                                                                              ; lpm_divide      ; work         ;
;          |lpm_divide_uio:auto_generated| ; 168 (0)             ; 0 (0)                     ; 0                 ; 0          ; 0    ; 0            ; |graphmaze|decoder_7seg:DEC_MONSTER|lpm_divide:Mod0|lpm_divide_uio:auto_generated                                                ; lpm_divide_uio  ; work         ;
;             |abs_divider_4dg:divider|    ; 168 (0)             ; 0 (0)                     ; 0                 ; 0          ; 0    ; 0            ; |graphmaze|decoder_7seg:DEC_MONSTER|lpm_divide:Mod0|lpm_divide_uio:auto_generated|abs_divider_4dg:divider                        ; abs_divider_4dg ; work         ;
;                |alt_u_div_o2f:divider|   ; 168 (168)           ; 0 (0)                     ; 0                 ; 0          ; 0    ; 0            ; |graphmaze|decoder_7seg:DEC_MONSTER|lpm_divide:Mod0|lpm_divide_uio:auto_generated|abs_divider_4dg:divider|alt_u_div_o2f:divider  ; alt_u_div_o2f   ; work         ;
;    |decoder_7seg:DEC_PLAYER|             ; 731 (77)            ; 0 (0)                     ; 0                 ; 0          ; 0    ; 0            ; |graphmaze|decoder_7seg:DEC_PLAYER                                                                                               ; decoder_7seg    ; work         ;
;       |lpm_divide:Div0|                  ; 486 (0)             ; 0 (0)                     ; 0                 ; 0          ; 0    ; 0            ; |graphmaze|decoder_7seg:DEC_PLAYER|lpm_divide:Div0                                                                               ; lpm_divide      ; work         ;
;          |lpm_divide_bpo:auto_generated| ; 486 (0)             ; 0 (0)                     ; 0                 ; 0          ; 0    ; 0            ; |graphmaze|decoder_7seg:DEC_PLAYER|lpm_divide:Div0|lpm_divide_bpo:auto_generated                                                 ; lpm_divide_bpo  ; work         ;
;             |abs_divider_kbg:divider|    ; 486 (35)            ; 0 (0)                     ; 0                 ; 0          ; 0    ; 0            ; |graphmaze|decoder_7seg:DEC_PLAYER|lpm_divide:Div0|lpm_divide_bpo:auto_generated|abs_divider_kbg:divider                         ; abs_divider_kbg ; work         ;
;                |alt_u_div_ove:divider|   ; 419 (419)           ; 0 (0)                     ; 0                 ; 0          ; 0    ; 0            ; |graphmaze|decoder_7seg:DEC_PLAYER|lpm_divide:Div0|lpm_divide_bpo:auto_generated|abs_divider_kbg:divider|alt_u_div_ove:divider   ; alt_u_div_ove   ; work         ;
;                |lpm_abs_4p9:my_abs_num|  ; 32 (32)             ; 0 (0)                     ; 0                 ; 0          ; 0    ; 0            ; |graphmaze|decoder_7seg:DEC_PLAYER|lpm_divide:Div0|lpm_divide_bpo:auto_generated|abs_divider_kbg:divider|lpm_abs_4p9:my_abs_num  ; lpm_abs_4p9     ; work         ;
;       |lpm_divide:Mod0|                  ; 168 (0)             ; 0 (0)                     ; 0                 ; 0          ; 0    ; 0            ; |graphmaze|decoder_7seg:DEC_PLAYER|lpm_divide:Mod0                                                                               ; lpm_divide      ; work         ;
;          |lpm_divide_uio:auto_generated| ; 168 (0)             ; 0 (0)                     ; 0                 ; 0          ; 0    ; 0            ; |graphmaze|decoder_7seg:DEC_PLAYER|lpm_divide:Mod0|lpm_divide_uio:auto_generated                                                 ; lpm_divide_uio  ; work         ;
;             |abs_divider_4dg:divider|    ; 168 (0)             ; 0 (0)                     ; 0                 ; 0          ; 0    ; 0            ; |graphmaze|decoder_7seg:DEC_PLAYER|lpm_divide:Mod0|lpm_divide_uio:auto_generated|abs_divider_4dg:divider                         ; abs_divider_4dg ; work         ;
;                |alt_u_div_o2f:divider|   ; 168 (168)           ; 0 (0)                     ; 0                 ; 0          ; 0    ; 0            ; |graphmaze|decoder_7seg:DEC_PLAYER|lpm_divide:Mod0|lpm_divide_uio:auto_generated|abs_divider_4dg:divider|alt_u_div_o2f:divider   ; alt_u_div_o2f   ; work         ;
+------------------------------------------+---------------------+---------------------------+-------------------+------------+------+--------------+----------------------------------------------------------------------------------------------------------------------------------+-----------------+--------------+
Note: For table entries with two numbers listed, the numbers in parentheses indicate the number of resources of the given type used by the specific entity alone. The numbers listed outside of parentheses indicate the total resources of the given type used by the specific entity and all of its sub-entities in the hierarchy.


+------------------------------------------------------+
; General Register Statistics                          ;
+----------------------------------------------+-------+
; Statistic                                    ; Value ;
+----------------------------------------------+-------+
; Total registers                              ; 18    ;
; Number of registers using Synchronous Clear  ; 0     ;
; Number of registers using Synchronous Load   ; 0     ;
; Number of registers using Asynchronous Clear ; 2     ;
; Number of registers using Asynchronous Load  ; 0     ;
; Number of registers using Clock Enable       ; 8     ;
; Number of registers using Preset             ; 0     ;
+----------------------------------------------+-------+


+----------------------------------------------------+
; Inverted Register Statistics                       ;
+------------------------------------------+---------+
; Inverted Register                        ; Fan out ;
+------------------------------------------+---------+
; data_flux:DF|registrador_n:mon_reg|IQ[1] ; 20      ;
; data_flux:DF|registrador_n:mon_reg|IQ[2] ; 23      ;
; data_flux:DF|registrador_n:mon_reg|IQ[3] ; 19      ;
; data_flux:DF|registrador_n:mon_reg|IQ[4] ; 20      ;
; Total number of inverted registers = 4   ;         ;
+------------------------------------------+---------+


+-------------------------------------------------------------------------------------------------------------------------------------------------------------------+
; Multiplexer Restructuring Statistics (Restructuring Performed)                                                                                                    ;
+--------------------+-----------+---------------+----------------------+------------------------+------------+-----------------------------------------------------+
; Multiplexer Inputs ; Bus Width ; Baseline Area ; Area if Restructured ; Saving if Restructured ; Registered ; Example Multiplexer Output                          ;
+--------------------+-----------+---------------+----------------------+------------------------+------------+-----------------------------------------------------+
; 3:1                ; 7 bits    ; 14 LEs        ; 7 LEs                ; 7 LEs                  ; Yes        ; |graphmaze|data_flux:DF|registrador_n:jog_reg|IQ[0] ;
; 3:1                ; 2 bits    ; 4 LEs         ; 2 LEs                ; 2 LEs                  ; Yes        ; |graphmaze|data_flux:DF|registrador_n:map_reg|IQ[1] ;
; 3:1                ; 4 bits    ; 8 LEs         ; 4 LEs                ; 4 LEs                  ; Yes        ; |graphmaze|data_flux:DF|registrador_n:mon_reg|IQ[1] ;
; 3:1                ; 7 bits    ; 14 LEs        ; 14 LEs               ; 0 LEs                  ; No         ; |graphmaze|sseg_4                                   ;
; 4:1                ; 8 bits    ; 16 LEs        ; 16 LEs               ; 0 LEs                  ; No         ; |graphmaze|data_flux:DF|Mux0                        ;
; 4:1                ; 7 bits    ; 14 LEs        ; 14 LEs               ; 0 LEs                  ; No         ; |graphmaze|data_flux:DF|jog_next_room_data[1]       ;
; 12:1               ; 3 bits    ; 24 LEs        ; 24 LEs               ; 0 LEs                  ; No         ; |graphmaze|data_flux:DF|Mux1                        ;
+--------------------+-----------+---------------+----------------------+------------------------+------------+-----------------------------------------------------+


+---------------------------------------------------------------------------------------+
; Parameter Settings for User Entity Instance: data_flux:DF|registrador_n:mon_count_reg ;
+----------------+-------+--------------------------------------------------------------+
; Parameter Name ; Value ; Type                                                         ;
+----------------+-------+--------------------------------------------------------------+
; n              ; 2     ; Signed Integer                                               ;
; reset_value    ; 0     ; Signed Integer                                               ;
+----------------+-------+--------------------------------------------------------------+
Note: In order to hide this table in the UI and the text report file, please set the "Show Parameter Settings in Synthesis Report" option in "Analysis and Synthesis Settings -> More Settings" to "Off".


+---------------------------------------------------------------------------------+
; Parameter Settings for User Entity Instance: data_flux:DF|registrador_n:mon_reg ;
+----------------+-------+--------------------------------------------------------+
; Parameter Name ; Value ; Type                                                   ;
+----------------+-------+--------------------------------------------------------+
; n              ; 5     ; Signed Integer                                         ;
; reset_value    ; 30    ; Signed Integer                                         ;
+----------------+-------+--------------------------------------------------------+
Note: In order to hide this table in the UI and the text report file, please set the "Show Parameter Settings in Synthesis Report" option in "Analysis and Synthesis Settings -> More Settings" to "Off".


+---------------------------------------------------------------------------------+
; Parameter Settings for User Entity Instance: data_flux:DF|registrador_n:jog_reg ;
+----------------+-------+--------------------------------------------------------+
; Parameter Name ; Value ; Type                                                   ;
+----------------+-------+--------------------------------------------------------+
; n              ; 5     ; Signed Integer                                         ;
; reset_value    ; 0     ; Signed Integer                                         ;
+----------------+-------+--------------------------------------------------------+
Note: In order to hide this table in the UI and the text report file, please set the "Show Parameter Settings in Synthesis Report" option in "Analysis and Synthesis Settings -> More Settings" to "Off".


+---------------------------------------------------------------------------------+
; Parameter Settings for User Entity Instance: data_flux:DF|registrador_n:map_reg ;
+----------------+-------+--------------------------------------------------------+
; Parameter Name ; Value ; Type                                                   ;
+----------------+-------+--------------------------------------------------------+
; n              ; 2     ; Signed Integer                                         ;
; reset_value    ; 0     ; Signed Integer                                         ;
+----------------+-------+--------------------------------------------------------+
Note: In order to hide this table in the UI and the text report file, please set the "Show Parameter Settings in Synthesis Report" option in "Analysis and Synthesis Settings -> More Settings" to "Off".


+---------------------------------------------------------------------------------------+
; Parameter Settings for User Entity Instance: data_flux:DF|registrador_n:last_move_reg ;
+----------------+-------+--------------------------------------------------------------+
; Parameter Name ; Value ; Type                                                         ;
+----------------+-------+--------------------------------------------------------------+
; n              ; 3     ; Signed Integer                                               ;
; reset_value    ; 4     ; Signed Integer                                               ;
+----------------+-------+--------------------------------------------------------------+
Note: In order to hide this table in the UI and the text report file, please set the "Show Parameter Settings in Synthesis Report" option in "Analysis and Synthesis Settings -> More Settings" to "Off".


+----------------------------------------------------------------------------------+
; Parameter Settings for User Entity Instance: data_flux:DF|registrador_n:lost_reg ;
+----------------+-------+---------------------------------------------------------+
; Parameter Name ; Value ; Type                                                    ;
+----------------+-------+---------------------------------------------------------+
; n              ; 1     ; Signed Integer                                          ;
; reset_value    ; 0     ; Signed Integer                                          ;
+----------------+-------+---------------------------------------------------------+
Note: In order to hide this table in the UI and the text report file, please set the "Show Parameter Settings in Synthesis Report" option in "Analysis and Synthesis Settings -> More Settings" to "Off".


+-------------------------------------------------------------------------------------------+
; Parameter Settings for Inferred Entity Instance: decoder_7seg:DEC_MONSTER|lpm_divide:Div0 ;
+------------------------+----------------+-------------------------------------------------+
; Parameter Name         ; Value          ; Type                                            ;
+------------------------+----------------+-------------------------------------------------+
; LPM_WIDTHN             ; 32             ; Untyped                                         ;
; LPM_WIDTHD             ; 5              ; Untyped                                         ;
; LPM_NREPRESENTATION    ; SIGNED         ; Untyped                                         ;
; LPM_DREPRESENTATION    ; SIGNED         ; Untyped                                         ;
; LPM_PIPELINE           ; 0              ; Untyped                                         ;
; LPM_REMAINDERPOSITIVE  ; FALSE          ; Untyped                                         ;
; MAXIMIZE_SPEED         ; 5              ; Untyped                                         ;
; CBXI_PARAMETER         ; lpm_divide_bpo ; Untyped                                         ;
; CARRY_CHAIN            ; MANUAL         ; Untyped                                         ;
; OPTIMIZE_FOR_SPEED     ; 5              ; Untyped                                         ;
; AUTO_CARRY_CHAINS      ; ON             ; AUTO_CARRY                                      ;
; IGNORE_CARRY_BUFFERS   ; OFF            ; IGNORE_CARRY                                    ;
; AUTO_CASCADE_CHAINS    ; ON             ; AUTO_CASCADE                                    ;
; IGNORE_CASCADE_BUFFERS ; OFF            ; IGNORE_CASCADE                                  ;
+------------------------+----------------+-------------------------------------------------+
Note: In order to hide this table in the UI and the text report file, please set the "Show Parameter Settings in Synthesis Report" option in "Analysis and Synthesis Settings -> More Settings" to "Off".


+-------------------------------------------------------------------------------------------+
; Parameter Settings for Inferred Entity Instance: decoder_7seg:DEC_MONSTER|lpm_divide:Mod0 ;
+------------------------+----------------+-------------------------------------------------+
; Parameter Name         ; Value          ; Type                                            ;
+------------------------+----------------+-------------------------------------------------+
; LPM_WIDTHN             ; 32             ; Untyped                                         ;
; LPM_WIDTHD             ; 32             ; Untyped                                         ;
; LPM_NREPRESENTATION    ; SIGNED         ; Untyped                                         ;
; LPM_DREPRESENTATION    ; SIGNED         ; Untyped                                         ;
; LPM_PIPELINE           ; 0              ; Untyped                                         ;
; LPM_REMAINDERPOSITIVE  ; FALSE          ; Untyped                                         ;
; MAXIMIZE_SPEED         ; 5              ; Untyped                                         ;
; CBXI_PARAMETER         ; lpm_divide_uio ; Untyped                                         ;
; CARRY_CHAIN            ; MANUAL         ; Untyped                                         ;
; OPTIMIZE_FOR_SPEED     ; 5              ; Untyped                                         ;
; AUTO_CARRY_CHAINS      ; ON             ; AUTO_CARRY                                      ;
; IGNORE_CARRY_BUFFERS   ; OFF            ; IGNORE_CARRY                                    ;
; AUTO_CASCADE_CHAINS    ; ON             ; AUTO_CASCADE                                    ;
; IGNORE_CASCADE_BUFFERS ; OFF            ; IGNORE_CASCADE                                  ;
+------------------------+----------------+-------------------------------------------------+
Note: In order to hide this table in the UI and the text report file, please set the "Show Parameter Settings in Synthesis Report" option in "Analysis and Synthesis Settings -> More Settings" to "Off".


+------------------------------------------------------------------------------------------+
; Parameter Settings for Inferred Entity Instance: decoder_7seg:DEC_PLAYER|lpm_divide:Div0 ;
+------------------------+----------------+------------------------------------------------+
; Parameter Name         ; Value          ; Type                                           ;
+------------------------+----------------+------------------------------------------------+
; LPM_WIDTHN             ; 32             ; Untyped                                        ;
; LPM_WIDTHD             ; 5              ; Untyped                                        ;
; LPM_NREPRESENTATION    ; SIGNED         ; Untyped                                        ;
; LPM_DREPRESENTATION    ; SIGNED         ; Untyped                                        ;
; LPM_PIPELINE           ; 0              ; Untyped                                        ;
; LPM_REMAINDERPOSITIVE  ; FALSE          ; Untyped                                        ;
; MAXIMIZE_SPEED         ; 5              ; Untyped                                        ;
; CBXI_PARAMETER         ; lpm_divide_bpo ; Untyped                                        ;
; CARRY_CHAIN            ; MANUAL         ; Untyped                                        ;
; OPTIMIZE_FOR_SPEED     ; 5              ; Untyped                                        ;
; AUTO_CARRY_CHAINS      ; ON             ; AUTO_CARRY                                     ;
; IGNORE_CARRY_BUFFERS   ; OFF            ; IGNORE_CARRY                                   ;
; AUTO_CASCADE_CHAINS    ; ON             ; AUTO_CASCADE                                   ;
; IGNORE_CASCADE_BUFFERS ; OFF            ; IGNORE_CASCADE                                 ;
+------------------------+----------------+------------------------------------------------+
Note: In order to hide this table in the UI and the text report file, please set the "Show Parameter Settings in Synthesis Report" option in "Analysis and Synthesis Settings -> More Settings" to "Off".


+------------------------------------------------------------------------------------------+
; Parameter Settings for Inferred Entity Instance: decoder_7seg:DEC_PLAYER|lpm_divide:Mod0 ;
+------------------------+----------------+------------------------------------------------+
; Parameter Name         ; Value          ; Type                                           ;
+------------------------+----------------+------------------------------------------------+
; LPM_WIDTHN             ; 32             ; Untyped                                        ;
; LPM_WIDTHD             ; 32             ; Untyped                                        ;
; LPM_NREPRESENTATION    ; SIGNED         ; Untyped                                        ;
; LPM_DREPRESENTATION    ; SIGNED         ; Untyped                                        ;
; LPM_PIPELINE           ; 0              ; Untyped                                        ;
; LPM_REMAINDERPOSITIVE  ; FALSE          ; Untyped                                        ;
; MAXIMIZE_SPEED         ; 5              ; Untyped                                        ;
; CBXI_PARAMETER         ; lpm_divide_uio ; Untyped                                        ;
; CARRY_CHAIN            ; MANUAL         ; Untyped                                        ;
; OPTIMIZE_FOR_SPEED     ; 5              ; Untyped                                        ;
; AUTO_CARRY_CHAINS      ; ON             ; AUTO_CARRY                                     ;
; IGNORE_CARRY_BUFFERS   ; OFF            ; IGNORE_CARRY                                   ;
; AUTO_CASCADE_CHAINS    ; ON             ; AUTO_CASCADE                                   ;
; IGNORE_CASCADE_BUFFERS ; OFF            ; IGNORE_CASCADE                                 ;
+------------------------+----------------+------------------------------------------------+
Note: In order to hide this table in the UI and the text report file, please set the "Show Parameter Settings in Synthesis Report" option in "Analysis and Synthesis Settings -> More Settings" to "Off".


+------------------------------------------------------------------------------------------------------------------+
; Port Connectivity Checks: "decoder_7seg:DEC_MONSTER"                                                             ;
+--------+--------+----------+-------------------------------------------------------------------------------------+
; Port   ; Type   ; Severity ; Details                                                                             ;
+--------+--------+----------+-------------------------------------------------------------------------------------+
; sseg_2 ; Output ; Info     ; Connected to dangling logic. Logic that only feeds a dangling port will be removed. ;
+--------+--------+----------+-------------------------------------------------------------------------------------+


+----------------------------------------------------------------------+
; Port Connectivity Checks: "data_flux:DF|registrador_n:last_move_reg" ;
+------+-------+----------+--------------------------------------------+
; Port ; Type  ; Severity ; Details                                    ;
+------+-------+----------+--------------------------------------------+
; d[2] ; Input ; Info     ; Stuck at GND                               ;
+------+-------+----------+--------------------------------------------+


+----------------------------------------------------------------------+
; Port Connectivity Checks: "data_flux:DF|registrador_n:mon_count_reg" ;
+------+-------+----------+--------------------------------------------+
; Port ; Type  ; Severity ; Details                                    ;
+------+-------+----------+--------------------------------------------+
; load ; Input ; Info     ; Stuck at VCC                               ;
+------+-------+----------+--------------------------------------------+


+-------------------------------------------------------------------------------------------------------------------------------------------------------------------------------+
; Port Connectivity Checks: "data_flux:DF"                                                                                                                                      ;
+------------+--------+----------+----------------------------------------------------------------------------------------------------------------------------------------------+
; Port       ; Type   ; Severity ; Details                                                                                                                                      ;
+------------+--------+----------+----------------------------------------------------------------------------------------------------------------------------------------------+
; mode       ; Input  ; Warning  ; Declared by entity but not connected by instance. If a default value exists, it will be used.  Otherwise, the port will be connected to GND. ;
; full_state ; Output ; Warning  ; Declared by entity but not connected by instance. Logic that only feeds a dangling port will be removed.                                     ;
+------------+--------+----------+----------------------------------------------------------------------------------------------------------------------------------------------+


+-----------------------------------------------------+
; Post-Synthesis Netlist Statistics for Top Partition ;
+-----------------------+-----------------------------+
; Type                  ; Count                       ;
+-----------------------+-----------------------------+
; arriav_ff             ; 18                          ;
;     CLR               ; 2                           ;
;     ENA               ; 8                           ;
;     plain             ; 8                           ;
; arriav_lcell_comb     ; 1543                        ;
;     arith             ; 854                         ;
;         0 data inputs ; 182                         ;
;         1 data inputs ; 172                         ;
;         2 data inputs ; 122                         ;
;         3 data inputs ; 134                         ;
;         4 data inputs ; 240                         ;
;         5 data inputs ; 4                           ;
;     normal            ; 667                         ;
;         0 data inputs ; 1                           ;
;         1 data inputs ; 9                           ;
;         2 data inputs ; 308                         ;
;         3 data inputs ; 86                          ;
;         4 data inputs ; 102                         ;
;         5 data inputs ; 58                          ;
;         6 data inputs ; 103                         ;
;     shared            ; 22                          ;
;         0 data inputs ; 10                          ;
;         1 data inputs ; 8                           ;
;         4 data inputs ; 4                           ;
; boundary_port         ; 51                          ;
;                       ;                             ;
; Max LUT depth         ; 76.20                       ;
; Average LUT depth     ; 68.59                       ;
+-----------------------+-----------------------------+


+-------------------------------+
; Elapsed Time Per Partition    ;
+----------------+--------------+
; Partition Name ; Elapsed Time ;
+----------------+--------------+
; Top            ; 00:00:02     ;
+----------------+--------------+


+-------------------------------+
; Analysis & Synthesis Messages ;
+-------------------------------+
Info: *******************************************************************
Info: Running Quartus Prime Analysis & Synthesis
    Info: Version 20.1.1 Build 720 11/11/2020 SJ Lite Edition
    Info: Processing started: Sun Mar 26 02:37:15 2023
Info: Command: quartus_map --read_settings_files=on --write_settings_files=off GraphMaze -c GraphMaze
Warning (18236): Number of processors has not been specified which may cause overloading on shared machines.  Set the global assignment NUM_PARALLEL_PROCESSORS in your QSF to an appropriate value for best performance.
Info (20030): Parallel compilation is enabled and will use 6 of the 6 processors detected
Info (12021): Found 2 design units, including 1 entities, in source file graphmaze_tb_mode_0.vhd
    Info (12022): Found design unit 1: graphmaze_tb_mode_0-tb File: D:/USP/5_periodo/Labdig/Projeto/graphmaze/graphmaze_tb_mode_0.vhd Line: 9
    Info (12023): Found entity 1: graphmaze_tb_mode_0 File: D:/USP/5_periodo/Labdig/Projeto/graphmaze/graphmaze_tb_mode_0.vhd Line: 6
Info (12021): Found 2 design units, including 1 entities, in source file decoder_7seg.vhd
    Info (12022): Found design unit 1: decoder_7seg-comportamental File: D:/USP/5_periodo/Labdig/Projeto/graphmaze/decoder_7seg.vhd Line: 13
    Info (12023): Found entity 1: decoder_7seg File: D:/USP/5_periodo/Labdig/Projeto/graphmaze/decoder_7seg.vhd Line: 4
Info (12021): Found 2 design units, including 1 entities, in source file data_flux.vhd
    Info (12022): Found design unit 1: data_flux-behav File: D:/USP/5_periodo/Labdig/Projeto/graphmaze/data_flux.vhd Line: 28
    Info (12023): Found entity 1: data_flux File: D:/USP/5_periodo/Labdig/Projeto/graphmaze/data_flux.vhd Line: 5
Info (12021): Found 2 design units, including 1 entities, in source file rom_128x20.vhd
    Info (12022): Found design unit 1: rom_128x20-rom_modelsim File: D:/USP/5_periodo/Labdig/Projeto/graphmaze/rom_128x20.vhd Line: 15
    Info (12023): Found entity 1: rom_128x20 File: D:/USP/5_periodo/Labdig/Projeto/graphmaze/rom_128x20.vhd Line: 5
Info (12021): Found 2 design units, including 1 entities, in source file edge_detector.vhd
    Info (12022): Found design unit 1: edge_detector-rtl File: D:/USP/5_periodo/Labdig/Projeto/graphmaze/edge_detector.vhd Line: 34
    Info (12023): Found entity 1: edge_detector File: D:/USP/5_periodo/Labdig/Projeto/graphmaze/edge_detector.vhd Line: 25
Info (12021): Found 2 design units, including 1 entities, in source file graphmaze.vhd
    Info (12022): Found design unit 1: graphmaze-behav File: D:/USP/5_periodo/Labdig/Projeto/graphmaze/graphmaze.vhd Line: 28
    Info (12023): Found entity 1: graphmaze File: D:/USP/5_periodo/Labdig/Projeto/graphmaze/graphmaze.vhd Line: 11
Info (12021): Found 2 design units, including 1 entities, in source file graphmaze_tb_mode_1.vhd
    Info (12022): Found design unit 1: graphmaze_tb_mode_1-tb File: D:/USP/5_periodo/Labdig/Projeto/graphmaze/graphmaze_tb_mode_1.vhd Line: 9
    Info (12023): Found entity 1: graphmaze_tb_mode_1 File: D:/USP/5_periodo/Labdig/Projeto/graphmaze/graphmaze_tb_mode_1.vhd Line: 6
Info (12021): Found 2 design units, including 1 entities, in source file registrador_n.vhd
    Info (12022): Found design unit 1: registrador_n-comportamental File: D:/USP/5_periodo/Labdig/Projeto/graphmaze/registrador_n.vhd Line: 19
    Info (12023): Found entity 1: registrador_n File: D:/USP/5_periodo/Labdig/Projeto/graphmaze/registrador_n.vhd Line: 5
Info (12127): Elaborating entity "graphmaze" for the top level hierarchy
Info (12128): Elaborating entity "data_flux" for hierarchy "data_flux:DF" File: D:/USP/5_periodo/Labdig/Projeto/graphmaze/graphmaze.vhd Line: 86
Info (12128): Elaborating entity "registrador_n" for hierarchy "data_flux:DF|registrador_n:mon_count_reg" File: D:/USP/5_periodo/Labdig/Projeto/graphmaze/data_flux.vhd Line: 95
Info (12128): Elaborating entity "registrador_n" for hierarchy "data_flux:DF|registrador_n:mon_reg" File: D:/USP/5_periodo/Labdig/Projeto/graphmaze/data_flux.vhd Line: 99
Info (12128): Elaborating entity "registrador_n" for hierarchy "data_flux:DF|registrador_n:jog_reg" File: D:/USP/5_periodo/Labdig/Projeto/graphmaze/data_flux.vhd Line: 101
Info (12128): Elaborating entity "registrador_n" for hierarchy "data_flux:DF|registrador_n:last_move_reg" File: D:/USP/5_periodo/Labdig/Projeto/graphmaze/data_flux.vhd Line: 113
Info (12128): Elaborating entity "registrador_n" for hierarchy "data_flux:DF|registrador_n:lost_reg" File: D:/USP/5_periodo/Labdig/Projeto/graphmaze/data_flux.vhd Line: 122
Info (12128): Elaborating entity "rom_128x20" for hierarchy "data_flux:DF|rom_128x20:map_mem" File: D:/USP/5_periodo/Labdig/Projeto/graphmaze/data_flux.vhd Line: 144
Info (12128): Elaborating entity "edge_detector" for hierarchy "data_flux:DF|edge_detector:mov_dect" File: D:/USP/5_periodo/Labdig/Projeto/graphmaze/data_flux.vhd Line: 151
Info (12128): Elaborating entity "decoder_7seg" for hierarchy "decoder_7seg:DEC_PLAYER" File: D:/USP/5_periodo/Labdig/Projeto/graphmaze/graphmaze.vhd Line: 98
Info (278001): Inferred 4 megafunctions from design logic
    Info (278004): Inferred divider/modulo megafunction ("lpm_divide") from the following logic: "decoder_7seg:DEC_MONSTER|Div0" File: D:/USP/5_periodo/Labdig/Projeto/graphmaze/decoder_7seg.vhd Line: 41
    Info (278004): Inferred divider/modulo megafunction ("lpm_divide") from the following logic: "decoder_7seg:DEC_MONSTER|Mod0" File: D:/USP/5_periodo/Labdig/Projeto/graphmaze/decoder_7seg.vhd Line: 41
    Info (278004): Inferred divider/modulo megafunction ("lpm_divide") from the following logic: "decoder_7seg:DEC_PLAYER|Div0" File: D:/USP/5_periodo/Labdig/Projeto/graphmaze/decoder_7seg.vhd Line: 41
    Info (278004): Inferred divider/modulo megafunction ("lpm_divide") from the following logic: "decoder_7seg:DEC_PLAYER|Mod0" File: D:/USP/5_periodo/Labdig/Projeto/graphmaze/decoder_7seg.vhd Line: 41
Info (12130): Elaborated megafunction instantiation "decoder_7seg:DEC_MONSTER|lpm_divide:Div0" File: D:/USP/5_periodo/Labdig/Projeto/graphmaze/decoder_7seg.vhd Line: 41
Info (12133): Instantiated megafunction "decoder_7seg:DEC_MONSTER|lpm_divide:Div0" with the following parameter: File: D:/USP/5_periodo/Labdig/Projeto/graphmaze/decoder_7seg.vhd Line: 41
    Info (12134): Parameter "LPM_WIDTHN" = "32"
    Info (12134): Parameter "LPM_WIDTHD" = "5"
    Info (12134): Parameter "LPM_NREPRESENTATION" = "SIGNED"
    Info (12134): Parameter "LPM_DREPRESENTATION" = "SIGNED"
    Info (12134): Parameter "LPM_HINT" = "LPM_REMAINDERPOSITIVE=FALSE"
Info (12021): Found 1 design units, including 1 entities, in source file db/lpm_divide_bpo.tdf
    Info (12023): Found entity 1: lpm_divide_bpo File: D:/USP/5_periodo/Labdig/Projeto/graphmaze/db/lpm_divide_bpo.tdf Line: 25
Info (12021): Found 1 design units, including 1 entities, in source file db/abs_divider_kbg.tdf
    Info (12023): Found entity 1: abs_divider_kbg File: D:/USP/5_periodo/Labdig/Projeto/graphmaze/db/abs_divider_kbg.tdf Line: 29
Info (12021): Found 1 design units, including 1 entities, in source file db/alt_u_div_ove.tdf
    Info (12023): Found entity 1: alt_u_div_ove File: D:/USP/5_periodo/Labdig/Projeto/graphmaze/db/alt_u_div_ove.tdf Line: 23
Info (12021): Found 1 design units, including 1 entities, in source file db/lpm_abs_kn9.tdf
    Info (12023): Found entity 1: lpm_abs_kn9 File: D:/USP/5_periodo/Labdig/Projeto/graphmaze/db/lpm_abs_kn9.tdf Line: 23
Info (12021): Found 1 design units, including 1 entities, in source file db/lpm_abs_4p9.tdf
    Info (12023): Found entity 1: lpm_abs_4p9 File: D:/USP/5_periodo/Labdig/Projeto/graphmaze/db/lpm_abs_4p9.tdf Line: 23
Info (12130): Elaborated megafunction instantiation "decoder_7seg:DEC_MONSTER|lpm_divide:Mod0" File: D:/USP/5_periodo/Labdig/Projeto/graphmaze/decoder_7seg.vhd Line: 41
Info (12133): Instantiated megafunction "decoder_7seg:DEC_MONSTER|lpm_divide:Mod0" with the following parameter: File: D:/USP/5_periodo/Labdig/Projeto/graphmaze/decoder_7seg.vhd Line: 41
    Info (12134): Parameter "LPM_WIDTHN" = "32"
    Info (12134): Parameter "LPM_WIDTHD" = "32"
    Info (12134): Parameter "LPM_NREPRESENTATION" = "SIGNED"
    Info (12134): Parameter "LPM_DREPRESENTATION" = "SIGNED"
    Info (12134): Parameter "LPM_HINT" = "LPM_REMAINDERPOSITIVE=FALSE"
Info (12021): Found 1 design units, including 1 entities, in source file db/lpm_divide_uio.tdf
    Info (12023): Found entity 1: lpm_divide_uio File: D:/USP/5_periodo/Labdig/Projeto/graphmaze/db/lpm_divide_uio.tdf Line: 25
Info (12021): Found 1 design units, including 1 entities, in source file db/abs_divider_4dg.tdf
    Info (12023): Found entity 1: abs_divider_4dg File: D:/USP/5_periodo/Labdig/Projeto/graphmaze/db/abs_divider_4dg.tdf Line: 27
Info (12021): Found 1 design units, including 1 entities, in source file db/alt_u_div_o2f.tdf
    Info (12023): Found entity 1: alt_u_div_o2f File: D:/USP/5_periodo/Labdig/Projeto/graphmaze/db/alt_u_div_o2f.tdf Line: 23
Warning (12241): 1 hierarchies have connectivity warnings - see the Connectivity Checks report folder
Warning (13024): Output pins are stuck at VCC or GND
    Warning (13410): Pin "sseg_2[1]" is stuck at GND File: D:/USP/5_periodo/Labdig/Projeto/graphmaze/graphmaze.vhd Line: 22
Info (286030): Timing-Driven Synthesis is running
Info (16010): Generating hard_block partition "hard_block:auto_generated_inst"
    Info (16011): Adding 0 node(s), including 0 DDIO, 0 PLL, 0 transceiver and 0 LCELL
Info (21057): Implemented 1585 device resources after synthesis - the final resource count might be different
    Info (21058): Implemented 8 input pins
    Info (21059): Implemented 43 output pins
    Info (21061): Implemented 1534 logic cells
Info: Quartus Prime Analysis & Synthesis was successful. 0 errors, 4 warnings
    Info: Peak virtual memory: 4905 megabytes
    Info: Processing ended: Sun Mar 26 02:37:25 2023
    Info: Elapsed time: 00:00:10
    Info: Total CPU time (on all processors): 00:00:12


